<?xml version="1.0" encoding="UTF-8"?>
<testsuite name="TriangleTest" tests="4" skipped="0" failures="0" errors="0" timestamp="2025-08-20T11:39:44.971Z" hostname="DESKTOP-GFS4JKK" time="0.089">
  <properties/>
  <testcase name="testCalculateAreaNegativeSide()" classname="TriangleTest" time="0.023"/>
  <testcase name="[1] 3, 4, 5, 6.0" classname="TriangleTest" time="0.021"/>
  <testcase name="[2] 5, 5, 6, 12.0" classname="TriangleTest" time="0.001"/>
  <testcase name="[3] 7, 8, 9, 26.8328" classname="TriangleTest" time="0.001"/>
  <system-out><![CDATA[]]></system-out>
  <system-err><![CDATA[]]></system-err>
</testsuite>
