<?xml version="1.0" encoding="UTF-8"?>
<testsuite name="tests.OnlinePaymentTest" tests="2" skipped="0" failures="0" errors="0" timestamp="2025-09-09T08:53:42.217Z" hostname="DESKTOP-GFS4JKK" time="14.076">
  <properties/>
  <testcase name="testEmptyFieldPlaceholdersForAllServices()" classname="tests.OnlinePaymentTest" time="5.816"/>
  <testcase name="testMobileServicesPaymentWithValidData()" classname="tests.OnlinePaymentTest" time="8.26"/>
  <system-out><![CDATA[Успешное переключение на iframe модального окна
]]></system-out>
  <system-err><![CDATA[[Test worker] INFO io.github.bonigarcia.wdm.WebDriverManager - Using chromedriver 139.0.7258.154 (resolved driver for Chrome 139)
[Test worker] INFO io.github.bonigarcia.wdm.WebDriverManager - Exporting webdriver.chrome.driver as C:\Users\micha\.cache\selenium\chromedriver\win64\139.0.7258.154\chromedriver.exe
Sep 09, 2025 11:53:43 AM org.openqa.selenium.devtools.CdpVersionFinder findNearestMatch
WARNING: Unable to find CDP implementation matching 139
Sep 09, 2025 11:53:43 AM org.openqa.selenium.chromium.ChromiumDriver lambda$new$5
WARNING: Unable to find version of CDP to use for 139.0.7258.155. You may need to include a dependency on a specific version of the CDP using something similar to `org.seleniumhq.selenium:selenium-devtools-v86:4.21.0` where the version ("v86") matches the version of the chromium-based browser you're using and the version number of the artifact is the same as Selenium's.
[Test worker] INFO io.github.bonigarcia.wdm.WebDriverManager - Using chromedriver 139.0.7258.154 (resolved driver for Chrome 139)
[Test worker] INFO io.github.bonigarcia.wdm.WebDriverManager - Exporting webdriver.chrome.driver as C:\Users\micha\.cache\selenium\chromedriver\win64\139.0.7258.154\chromedriver.exe
Sep 09, 2025 11:53:48 AM org.openqa.selenium.devtools.CdpVersionFinder findNearestMatch
WARNING: Unable to find CDP implementation matching 139
Sep 09, 2025 11:53:48 AM org.openqa.selenium.chromium.ChromiumDriver lambda$new$5
WARNING: Unable to find version of CDP to use for 139.0.7258.155. You may need to include a dependency on a specific version of the CDP using something similar to `org.seleniumhq.selenium:selenium-devtools-v86:4.21.0` where the version ("v86") matches the version of the chromium-based browser you're using and the version number of the artifact is the same as Selenium's.
]]></system-err>
</testsuite>
