<?xml version="1.0" encoding="UTF-8"?>
<testsuite name="tests.OnlinePaymentTest" tests="4" skipped="0" failures="0" errors="0" timestamp="2025-09-01T10:15:48.549Z" hostname="DESKTOP-GFS4JKK" time="55.384">
  <properties/>
  <testcase name="testBlockTitlePresence()" classname="tests.OnlinePaymentTest" time="3.442"/>
  <testcase name="testPaymentSystemLogosPresence()" classname="tests.OnlinePaymentTest" time="3.56"/>
  <testcase name="testDetailsLinkClickability()" classname="tests.OnlinePaymentTest" time="42.07"/>
  <testcase name="testContinueButtonWithValidData()" classname="tests.OnlinePaymentTest" time="6.311"/>
  <system-out><![CDATA[Cookie баннер принят
Cookie баннер принят
Cookie баннер принят
Cookie баннер не найден или уже закрыт
]]></system-out>
  <system-err><![CDATA[[Test worker] INFO io.github.bonigarcia.wdm.WebDriverManager - Using chromedriver 139.0.7258.154 (resolved driver for Chrome 139)
[Test worker] INFO io.github.bonigarcia.wdm.WebDriverManager - Exporting webdriver.chrome.driver as C:\Users\micha\.cache\selenium\chromedriver\win64\139.0.7258.154\chromedriver.exe
Sep 01, 2025 1:15:49 PM org.openqa.selenium.devtools.CdpVersionFinder findNearestMatch
WARNING: Unable to find CDP implementation matching 139
Sep 01, 2025 1:15:49 PM org.openqa.selenium.chromium.ChromiumDriver lambda$new$5
WARNING: Unable to find version of CDP to use for 139.0.7258.155. You may need to include a dependency on a specific version of the CDP using something similar to `org.seleniumhq.selenium:selenium-devtools-v86:4.21.0` where the version ("v86") matches the version of the chromium-based browser you're using and the version number of the artifact is the same as Selenium's.
[Test worker] INFO io.github.bonigarcia.wdm.WebDriverManager - Using chromedriver 139.0.7258.154 (resolved driver for Chrome 139)
[Test worker] INFO io.github.bonigarcia.wdm.WebDriverManager - Exporting webdriver.chrome.driver as C:\Users\micha\.cache\selenium\chromedriver\win64\139.0.7258.154\chromedriver.exe
Sep 01, 2025 1:15:52 PM org.openqa.selenium.devtools.CdpVersionFinder findNearestMatch
WARNING: Unable to find CDP implementation matching 139
Sep 01, 2025 1:15:52 PM org.openqa.selenium.chromium.ChromiumDriver lambda$new$5
WARNING: Unable to find version of CDP to use for 139.0.7258.155. You may need to include a dependency on a specific version of the CDP using something similar to `org.seleniumhq.selenium:selenium-devtools-v86:4.21.0` where the version ("v86") matches the version of the chromium-based browser you're using and the version number of the artifact is the same as Selenium's.
[Test worker] INFO io.github.bonigarcia.wdm.WebDriverManager - Using chromedriver 139.0.7258.154 (resolved driver for Chrome 139)
[Test worker] INFO io.github.bonigarcia.wdm.WebDriverManager - Exporting webdriver.chrome.driver as C:\Users\micha\.cache\selenium\chromedriver\win64\139.0.7258.154\chromedriver.exe
Sep 01, 2025 1:15:56 PM org.openqa.selenium.devtools.CdpVersionFinder findNearestMatch
WARNING: Unable to find CDP implementation matching 139
Sep 01, 2025 1:15:56 PM org.openqa.selenium.chromium.ChromiumDriver lambda$new$5
WARNING: Unable to find version of CDP to use for 139.0.7258.155. You may need to include a dependency on a specific version of the CDP using something similar to `org.seleniumhq.selenium:selenium-devtools-v86:4.21.0` where the version ("v86") matches the version of the chromium-based browser you're using and the version number of the artifact is the same as Selenium's.
[Test worker] INFO io.github.bonigarcia.wdm.WebDriverManager - Using chromedriver 139.0.7258.154 (resolved driver for Chrome 139)
[Test worker] INFO io.github.bonigarcia.wdm.WebDriverManager - Exporting webdriver.chrome.driver as C:\Users\micha\.cache\selenium\chromedriver\win64\139.0.7258.154\chromedriver.exe
Sep 01, 2025 1:16:38 PM org.openqa.selenium.devtools.CdpVersionFinder findNearestMatch
WARNING: Unable to find CDP implementation matching 139
Sep 01, 2025 1:16:38 PM org.openqa.selenium.chromium.ChromiumDriver lambda$new$5
WARNING: Unable to find version of CDP to use for 139.0.7258.155. You may need to include a dependency on a specific version of the CDP using something similar to `org.seleniumhq.selenium:selenium-devtools-v86:4.21.0` where the version ("v86") matches the version of the chromium-based browser you're using and the version number of the artifact is the same as Selenium's.
]]></system-err>
</testsuite>
